2023-06-20 17:33:25,203 INFO o.a.j.u.JMeterUtils: Setting Locale to en_EN
2023-06-20 17:33:25,215 INFO o.a.j.JMeter: Loading user properties from: C:\Users\RAC IT\Desktop\apache-jmeter-5.5\bin\user.properties
2023-06-20 17:33:25,215 INFO o.a.j.JMeter: Loading system properties from: C:\Users\RAC IT\Desktop\apache-jmeter-5.5\bin\system.properties
2023-06-20 17:33:25,224 INFO o.a.j.JMeter: Copyright (c) 1998-2022 The Apache Software Foundation
2023-06-20 17:33:25,224 INFO o.a.j.JMeter: Version 5.5
2023-06-20 17:33:25,224 INFO o.a.j.JMeter: java.version=1.8.0_371
2023-06-20 17:33:25,224 INFO o.a.j.JMeter: java.vm.name=Java HotSpot(TM) 64-Bit Server VM
2023-06-20 17:33:25,224 INFO o.a.j.JMeter: os.name=Windows 11
2023-06-20 17:33:25,224 INFO o.a.j.JMeter: os.arch=amd64
2023-06-20 17:33:25,224 INFO o.a.j.JMeter: os.version=10.0
2023-06-20 17:33:25,224 INFO o.a.j.JMeter: file.encoding=Cp1252
2023-06-20 17:33:25,224 INFO o.a.j.JMeter: java.awt.headless=null
2023-06-20 17:33:25,224 INFO o.a.j.JMeter: Max memory     =1073741824
2023-06-20 17:33:25,224 INFO o.a.j.JMeter: Available Processors =8
2023-06-20 17:33:25,229 INFO o.a.j.JMeter: Default Locale=English (EN)
2023-06-20 17:33:25,229 INFO o.a.j.JMeter: JMeter  Locale=English (EN)
2023-06-20 17:33:25,229 INFO o.a.j.JMeter: JMeterHome=C:\Users\RAC IT\Desktop\apache-jmeter-5.5
2023-06-20 17:33:25,229 INFO o.a.j.JMeter: user.dir  =C:\Users\RAC IT\Desktop\BMS Performance
2023-06-20 17:33:25,229 INFO o.a.j.JMeter: PWD       =C:\Users\RAC IT\Desktop\BMS Performance
2023-06-20 17:33:25,372 INFO o.a.j.JMeter: IP: 192.168.1.9 Name: DESKTOP-J9MPAVI FullName: 192.168.1.9
2023-06-20 17:33:25,404 INFO o.a.j.JMeter: Loaded icon properties from org/apache/jmeter/images/icon.properties
2023-06-20 17:33:25,549 INFO o.a.j.JMeterGuiLauncher: Setting LAF to: com.github.weisj.darklaf.DarkLaf:com.github.weisj.darklaf.theme.DarculaTheme
2023-06-20 17:33:27,204 INFO o.j.r.JARSourceHTTP: Found cached repo
2023-06-20 17:33:27,393 INFO o.j.r.PluginManager: Plugins Status: [jpgc-graphs-basic=2.0, jpgc-plugins-manager=1.7, jpgc-webdriver=3.3, jmeter-core=5.5, jmeter-ftp=5.5, jmeter-http=5.5, jmeter-jdbc=5.5, jmeter-jms=5.5, jmeter-junit=5.5, jmeter-java=5.5, jmeter-ldap=5.5, jmeter-mail=5.5, jmeter-mongodb=5.5, jmeter-native=5.5, jmeter-tcp=5.5, jmeter-components=5.5]
2023-06-20 17:33:27,393 INFO o.j.r.PluginManagerMenuItem: Plugins Manager has upgrades: [jpgc-plugins-manager, jpgc-webdriver]
2023-06-20 17:33:56,817 INFO o.a.j.s.FileServer: Default base='C:\Users\RAC IT\Desktop\BMS Performance'
2023-06-20 17:33:56,817 INFO o.a.j.g.a.Load: Loading file: C:\Users\RAC IT\Desktop\BMS Performance\BMS-Performance.jmx
2023-06-20 17:33:56,817 INFO o.a.j.s.FileServer: Set new base='C:\Users\RAC IT\Desktop\BMS Performance'
2023-06-20 17:33:56,943 INFO o.a.j.s.SaveService: Testplan (JMX) version: 2.2. Testlog (JTL) version: 2.2
2023-06-20 17:33:56,945 INFO o.a.j.s.SaveService: Using SaveService properties file encoding UTF-8
2023-06-20 17:33:56,945 INFO o.a.j.s.SaveService: Using SaveService properties version 5.0
2023-06-20 17:33:56,945 INFO o.a.j.s.SaveService: Loading file: C:\Users\RAC IT\Desktop\BMS Performance\BMS-Performance.jmx
2023-06-20 17:33:57,101 INFO o.a.j.p.h.c.CookieManager: Settings: Delete null: true Check: true Allow variable: true Save: false Prefix: COOKIE_
2023-06-20 17:33:57,101 INFO o.a.j.p.h.c.CacheManager: Will only cache the following methods: [GET]
2023-06-20 17:33:57,133 INFO o.a.j.s.SampleResult: Note: Sample TimeStamps are START times
2023-06-20 17:33:57,133 INFO o.a.j.s.SampleResult: sampleresult.default.encoding is set to ISO-8859-1
2023-06-20 17:33:57,133 INFO o.a.j.s.SampleResult: sampleresult.useNanoTime=true
2023-06-20 17:33:57,133 INFO o.a.j.s.SampleResult: sampleresult.nanoThreadSleep=5000
2023-06-20 17:33:57,611 INFO o.a.j.s.FileServer: Set new base='C:\Users\RAC IT\Desktop\BMS Performance'
2023-06-20 17:34:41,699 INFO o.a.j.e.StandardJMeterEngine: Running the test!
2023-06-20 17:34:41,700 INFO o.a.j.s.SampleEvent: List of sample_variables: []
2023-06-20 17:34:41,700 INFO o.a.j.s.SampleEvent: List of sample_variables: []
2023-06-20 17:34:41,702 INFO o.a.j.e.u.CompoundVariable: Note: Function class names must contain the string: '.functions.'
2023-06-20 17:34:41,702 INFO o.a.j.e.u.CompoundVariable: Note: Function class names must not contain the string: '.gui.'
2023-06-20 17:34:41,974 INFO o.a.j.g.u.JMeterMenuBar: setRunning(true, *local*)
2023-06-20 17:34:42,116 INFO o.a.j.e.StandardJMeterEngine: Starting ThreadGroup: 1 : Thread Group
2023-06-20 17:34:42,116 INFO o.a.j.e.StandardJMeterEngine: Starting 1 threads for group Thread Group.
2023-06-20 17:34:42,116 INFO o.a.j.e.StandardJMeterEngine: Thread will continue on error
2023-06-20 17:34:42,116 INFO o.a.j.t.ThreadGroup: Starting thread group... number=1 threads=1 ramp-up=150 delayedStart=false
2023-06-20 17:34:42,116 INFO o.a.j.t.ThreadGroup: Started thread group number 1
2023-06-20 17:34:42,116 INFO o.a.j.e.StandardJMeterEngine: All thread groups have been started
2023-06-20 17:34:42,116 INFO o.a.j.t.JMeterThread: Thread started: Thread Group 1-1
2023-06-20 17:34:43,615 INFO o.a.j.s.FileServer: Stored: C:\Users\RAC IT\Desktop\BMS Performance\CSV\BMS Users.csv
2023-06-20 17:35:26,525 ERROR c.g.j.p.w.s.WebDriverSampler: unknown error: net::ERR_CONNECTION_TIMED_OUT
  (Session info: chrome=114.0.5735.134)
Build info: version: '3.14.0', revision: 'aacccce0', time: '2018-08-02T20:19:58.91Z'
System info: host: 'DESKTOP-J9MPAVI', ip: '192.168.1.9', os.name: 'Windows 11', os.arch: 'amd64', os.version: '10.0', java.version: '1.8.0_371'
Driver info: org.openqa.selenium.chrome.ChromeDriver
Capabilities {acceptInsecureCerts: false, browserName: chrome, browserVersion: 114.0.5735.134, chrome: {chromedriverVersion: 113.0.5672.63 (0e1a4471d5ae..., userDataDir: C:\Users\RACIT~1\AppData\Lo...}, goog:chromeOptions: {debuggerAddress: localhost:55218}, javascriptEnabled: true, networkConnectionEnabled: false, pageLoadStrategy: normal, platform: WINDOWS, platformName: WINDOWS, proxy: Proxy(system), setWindowRect: true, strictFileInteractability: false, timeouts: {implicit: 0, pageLoad: 300000, script: 30000}, unhandledPromptBehavior: dismiss and notify, webauthn:extension:credBlob: true, webauthn:extension:largeBlob: true, webauthn:extension:minPinLength: true, webauthn:extension:prf: true, webauthn:virtualAuthenticators: true}
Session ID: cc82f35e20aa1f9bc40093000b29eb6b
2023-06-20 17:35:27,124 ERROR c.g.j.p.w.s.WebDriverSampler: no such element: Unable to locate element: {"method":"css selector","selector":"#username"}
  (Session info: chrome=114.0.5735.134)
For documentation on this error, please visit: http://seleniumhq.org/exceptions/no_such_element.html
Build info: version: '3.14.0', revision: 'aacccce0', time: '2018-08-02T20:19:58.91Z'
System info: host: 'DESKTOP-J9MPAVI', ip: '192.168.1.9', os.name: 'Windows 11', os.arch: 'amd64', os.version: '10.0', java.version: '1.8.0_371'
Driver info: org.openqa.selenium.chrome.ChromeDriver
Capabilities {acceptInsecureCerts: false, browserName: chrome, browserVersion: 114.0.5735.134, chrome: {chromedriverVersion: 113.0.5672.63 (0e1a4471d5ae..., userDataDir: C:\Users\RACIT~1\AppData\Lo...}, goog:chromeOptions: {debuggerAddress: localhost:55218}, javascriptEnabled: true, networkConnectionEnabled: false, pageLoadStrategy: normal, platform: WINDOWS, platformName: WINDOWS, proxy: Proxy(system), setWindowRect: true, strictFileInteractability: false, timeouts: {implicit: 0, pageLoad: 300000, script: 30000}, unhandledPromptBehavior: dismiss and notify, webauthn:extension:credBlob: true, webauthn:extension:largeBlob: true, webauthn:extension:minPinLength: true, webauthn:extension:prf: true, webauthn:virtualAuthenticators: true}
Session ID: cc82f35e20aa1f9bc40093000b29eb6b
*** Element info: {Using=id, value=username}
2023-06-20 17:35:27,634 ERROR c.g.j.p.w.s.WebDriverSampler: no such element: Unable to locate element: {"method":"xpath","selector":"(//button[@class='action-btn minimal msl'])[2]"}
  (Session info: chrome=114.0.5735.134)
For documentation on this error, please visit: http://seleniumhq.org/exceptions/no_such_element.html
Build info: version: '3.14.0', revision: 'aacccce0', time: '2018-08-02T20:19:58.91Z'
System info: host: 'DESKTOP-J9MPAVI', ip: '192.168.1.9', os.name: 'Windows 11', os.arch: 'amd64', os.version: '10.0', java.version: '1.8.0_371'
Driver info: org.openqa.selenium.chrome.ChromeDriver
Capabilities {acceptInsecureCerts: false, browserName: chrome, browserVersion: 114.0.5735.134, chrome: {chromedriverVersion: 113.0.5672.63 (0e1a4471d5ae..., userDataDir: C:\Users\RACIT~1\AppData\Lo...}, goog:chromeOptions: {debuggerAddress: localhost:55218}, javascriptEnabled: true, networkConnectionEnabled: false, pageLoadStrategy: normal, platform: WINDOWS, platformName: WINDOWS, proxy: Proxy(system), setWindowRect: true, strictFileInteractability: false, timeouts: {implicit: 0, pageLoad: 300000, script: 30000}, unhandledPromptBehavior: dismiss and notify, webauthn:extension:credBlob: true, webauthn:extension:largeBlob: true, webauthn:extension:minPinLength: true, webauthn:extension:prf: true, webauthn:virtualAuthenticators: true}
Session ID: cc82f35e20aa1f9bc40093000b29eb6b
*** Element info: {Using=xpath, value=(//button[@class='action-btn minimal msl'])[2]}
2023-06-20 17:35:28,206 ERROR c.g.j.p.w.s.WebDriverSampler: no such element: Unable to locate element: {"method":"xpath","selector":"//div[@class='pna horizontal middle']"}
  (Session info: chrome=114.0.5735.134)
For documentation on this error, please visit: http://seleniumhq.org/exceptions/no_such_element.html
Build info: version: '3.14.0', revision: 'aacccce0', time: '2018-08-02T20:19:58.91Z'
System info: host: 'DESKTOP-J9MPAVI', ip: '192.168.1.9', os.name: 'Windows 11', os.arch: 'amd64', os.version: '10.0', java.version: '1.8.0_371'
Driver info: org.openqa.selenium.chrome.ChromeDriver
Capabilities {acceptInsecureCerts: false, browserName: chrome, browserVersion: 114.0.5735.134, chrome: {chromedriverVersion: 113.0.5672.63 (0e1a4471d5ae..., userDataDir: C:\Users\RACIT~1\AppData\Lo...}, goog:chromeOptions: {debuggerAddress: localhost:55218}, javascriptEnabled: true, networkConnectionEnabled: false, pageLoadStrategy: normal, platform: WINDOWS, platformName: WINDOWS, proxy: Proxy(system), setWindowRect: true, strictFileInteractability: false, timeouts: {implicit: 0, pageLoad: 300000, script: 30000}, unhandledPromptBehavior: dismiss and notify, webauthn:extension:credBlob: true, webauthn:extension:largeBlob: true, webauthn:extension:minPinLength: true, webauthn:extension:prf: true, webauthn:virtualAuthenticators: true}
Session ID: cc82f35e20aa1f9bc40093000b29eb6b
*** Element info: {Using=xpath, value=//div[@class='pna horizontal middle']}
2023-06-20 17:35:33,787 INFO o.a.j.t.JMeterThread: Thread is done: Thread Group 1-1
2023-06-20 17:35:33,787 INFO o.a.j.t.JMeterThread: Thread finished: Thread Group 1-1
2023-06-20 17:35:34,406 INFO o.a.j.e.StandardJMeterEngine: Notifying test listeners of end of test
2023-06-20 17:35:34,406 INFO o.a.j.s.FileServer: Close: C:\Users\RAC IT\Desktop\BMS Performance\CSV\BMS Users.csv
2023-06-20 17:35:34,406 INFO o.a.j.g.u.JMeterMenuBar: setRunning(false, *local*)
2023-06-20 17:55:04,574 INFO o.a.j.g.a.What: Log level set to INFO for com.googlecode.jmeter.plugins.webdriver.config.ChromeDriverConfig
2023-06-20 17:55:30,549 INFO o.a.j.e.StandardJMeterEngine: Running the test!
2023-06-20 17:55:30,549 INFO o.a.j.s.SampleEvent: List of sample_variables: []
2023-06-20 17:55:30,563 INFO o.a.j.g.u.JMeterMenuBar: setRunning(true, *local*)
2023-06-20 17:55:30,719 INFO o.a.j.e.StandardJMeterEngine: Starting ThreadGroup: 1 : Thread Group
2023-06-20 17:55:30,720 INFO o.a.j.e.StandardJMeterEngine: Starting 1 threads for group Thread Group.
2023-06-20 17:55:30,720 INFO o.a.j.e.StandardJMeterEngine: Thread will continue on error
2023-06-20 17:55:30,720 INFO o.a.j.t.ThreadGroup: Starting thread group... number=1 threads=1 ramp-up=150 delayedStart=false
2023-06-20 17:55:30,723 INFO o.a.j.t.ThreadGroup: Started thread group number 1
2023-06-20 17:55:30,723 INFO o.a.j.e.StandardJMeterEngine: All thread groups have been started
2023-06-20 17:55:30,723 INFO o.a.j.t.JMeterThread: Thread started: Thread Group 1-1
2023-06-20 17:55:31,966 INFO o.a.j.s.FileServer: Stored: C:\Users\RAC IT\Desktop\BMS Performance\CSV\BMS Users.csv
2023-06-20 17:55:53,727 ERROR c.g.j.p.w.s.WebDriverSampler: unknown error: net::ERR_CONNECTION_TIMED_OUT
  (Session info: chrome=114.0.5735.134)
Build info: version: '3.14.0', revision: 'aacccce0', time: '2018-08-02T20:19:58.91Z'
System info: host: 'DESKTOP-J9MPAVI', ip: '192.168.1.9', os.name: 'Windows 11', os.arch: 'amd64', os.version: '10.0', java.version: '1.8.0_371'
Driver info: org.openqa.selenium.chrome.ChromeDriver
Capabilities {acceptInsecureCerts: false, browserName: chrome, browserVersion: 114.0.5735.134, chrome: {chromedriverVersion: 113.0.5672.63 (0e1a4471d5ae..., userDataDir: C:\Users\RACIT~1\AppData\Lo...}, goog:chromeOptions: {debuggerAddress: localhost:55509}, javascriptEnabled: true, networkConnectionEnabled: false, pageLoadStrategy: normal, platform: WINDOWS, platformName: WINDOWS, proxy: Proxy(system), setWindowRect: true, strictFileInteractability: false, timeouts: {implicit: 0, pageLoad: 300000, script: 30000}, unhandledPromptBehavior: dismiss and notify, webauthn:extension:credBlob: true, webauthn:extension:largeBlob: true, webauthn:extension:minPinLength: true, webauthn:extension:prf: true, webauthn:virtualAuthenticators: true}
Session ID: 218951ead27a686c6fc4fbf436af30ce
2023-06-20 17:55:54,271 ERROR c.g.j.p.w.s.WebDriverSampler: no such element: Unable to locate element: {"method":"css selector","selector":"#username"}
  (Session info: chrome=114.0.5735.134)
For documentation on this error, please visit: http://seleniumhq.org/exceptions/no_such_element.html
Build info: version: '3.14.0', revision: 'aacccce0', time: '2018-08-02T20:19:58.91Z'
System info: host: 'DESKTOP-J9MPAVI', ip: '192.168.1.9', os.name: 'Windows 11', os.arch: 'amd64', os.version: '10.0', java.version: '1.8.0_371'
Driver info: org.openqa.selenium.chrome.ChromeDriver
Capabilities {acceptInsecureCerts: false, browserName: chrome, browserVersion: 114.0.5735.134, chrome: {chromedriverVersion: 113.0.5672.63 (0e1a4471d5ae..., userDataDir: C:\Users\RACIT~1\AppData\Lo...}, goog:chromeOptions: {debuggerAddress: localhost:55509}, javascriptEnabled: true, networkConnectionEnabled: false, pageLoadStrategy: normal, platform: WINDOWS, platformName: WINDOWS, proxy: Proxy(system), setWindowRect: true, strictFileInteractability: false, timeouts: {implicit: 0, pageLoad: 300000, script: 30000}, unhandledPromptBehavior: dismiss and notify, webauthn:extension:credBlob: true, webauthn:extension:largeBlob: true, webauthn:extension:minPinLength: true, webauthn:extension:prf: true, webauthn:virtualAuthenticators: true}
Session ID: 218951ead27a686c6fc4fbf436af30ce
*** Element info: {Using=id, value=username}
2023-06-20 17:55:54,796 ERROR c.g.j.p.w.s.WebDriverSampler: no such element: Unable to locate element: {"method":"xpath","selector":"(//button[@class='action-btn minimal msl'])[2]"}
  (Session info: chrome=114.0.5735.134)
For documentation on this error, please visit: http://seleniumhq.org/exceptions/no_such_element.html
Build info: version: '3.14.0', revision: 'aacccce0', time: '2018-08-02T20:19:58.91Z'
System info: host: 'DESKTOP-J9MPAVI', ip: '192.168.1.9', os.name: 'Windows 11', os.arch: 'amd64', os.version: '10.0', java.version: '1.8.0_371'
Driver info: org.openqa.selenium.chrome.ChromeDriver
Capabilities {acceptInsecureCerts: false, browserName: chrome, browserVersion: 114.0.5735.134, chrome: {chromedriverVersion: 113.0.5672.63 (0e1a4471d5ae..., userDataDir: C:\Users\RACIT~1\AppData\Lo...}, goog:chromeOptions: {debuggerAddress: localhost:55509}, javascriptEnabled: true, networkConnectionEnabled: false, pageLoadStrategy: normal, platform: WINDOWS, platformName: WINDOWS, proxy: Proxy(system), setWindowRect: true, strictFileInteractability: false, timeouts: {implicit: 0, pageLoad: 300000, script: 30000}, unhandledPromptBehavior: dismiss and notify, webauthn:extension:credBlob: true, webauthn:extension:largeBlob: true, webauthn:extension:minPinLength: true, webauthn:extension:prf: true, webauthn:virtualAuthenticators: true}
Session ID: 218951ead27a686c6fc4fbf436af30ce
*** Element info: {Using=xpath, value=(//button[@class='action-btn minimal msl'])[2]}
2023-06-20 17:55:55,288 ERROR c.g.j.p.w.s.WebDriverSampler: no such element: Unable to locate element: {"method":"xpath","selector":"//div[@class='pna horizontal middle']"}
  (Session info: chrome=114.0.5735.134)
For documentation on this error, please visit: http://seleniumhq.org/exceptions/no_such_element.html
Build info: version: '3.14.0', revision: 'aacccce0', time: '2018-08-02T20:19:58.91Z'
System info: host: 'DESKTOP-J9MPAVI', ip: '192.168.1.9', os.name: 'Windows 11', os.arch: 'amd64', os.version: '10.0', java.version: '1.8.0_371'
Driver info: org.openqa.selenium.chrome.ChromeDriver
Capabilities {acceptInsecureCerts: false, browserName: chrome, browserVersion: 114.0.5735.134, chrome: {chromedriverVersion: 113.0.5672.63 (0e1a4471d5ae..., userDataDir: C:\Users\RACIT~1\AppData\Lo...}, goog:chromeOptions: {debuggerAddress: localhost:55509}, javascriptEnabled: true, networkConnectionEnabled: false, pageLoadStrategy: normal, platform: WINDOWS, platformName: WINDOWS, proxy: Proxy(system), setWindowRect: true, strictFileInteractability: false, timeouts: {implicit: 0, pageLoad: 300000, script: 30000}, unhandledPromptBehavior: dismiss and notify, webauthn:extension:credBlob: true, webauthn:extension:largeBlob: true, webauthn:extension:minPinLength: true, webauthn:extension:prf: true, webauthn:virtualAuthenticators: true}
Session ID: 218951ead27a686c6fc4fbf436af30ce
*** Element info: {Using=xpath, value=//div[@class='pna horizontal middle']}
2023-06-20 17:56:00,872 INFO o.a.j.t.JMeterThread: Thread is done: Thread Group 1-1
2023-06-20 17:56:00,872 INFO o.a.j.t.JMeterThread: Thread finished: Thread Group 1-1
2023-06-20 17:56:01,493 INFO o.a.j.e.StandardJMeterEngine: Notifying test listeners of end of test
2023-06-20 17:56:01,493 INFO o.a.j.s.FileServer: Close: C:\Users\RAC IT\Desktop\BMS Performance\CSV\BMS Users.csv
2023-06-20 17:56:01,493 INFO o.a.j.g.u.JMeterMenuBar: setRunning(false, *local*)
2023-06-20 17:57:45,034 INFO o.a.j.e.StandardJMeterEngine: Running the test!
2023-06-20 17:57:45,035 INFO o.a.j.s.SampleEvent: List of sample_variables: []
2023-06-20 17:57:45,048 INFO o.a.j.g.u.JMeterMenuBar: setRunning(true, *local*)
2023-06-20 17:57:45,182 INFO o.a.j.e.StandardJMeterEngine: Starting ThreadGroup: 1 : Thread Group
2023-06-20 17:57:45,182 INFO o.a.j.e.StandardJMeterEngine: Starting 1 threads for group Thread Group.
2023-06-20 17:57:45,182 INFO o.a.j.e.StandardJMeterEngine: Thread will continue on error
2023-06-20 17:57:45,182 INFO o.a.j.t.ThreadGroup: Starting thread group... number=1 threads=1 ramp-up=150 delayedStart=false
2023-06-20 17:57:45,185 INFO o.a.j.t.ThreadGroup: Started thread group number 1
2023-06-20 17:57:45,185 INFO o.a.j.e.StandardJMeterEngine: All thread groups have been started
2023-06-20 17:57:45,185 INFO o.a.j.t.JMeterThread: Thread started: Thread Group 1-1
2023-06-20 17:57:46,488 INFO o.a.j.s.FileServer: Stored: C:\Users\RAC IT\Desktop\BMS Performance\CSV\BMS Users.csv
2023-06-20 17:58:29,154 ERROR c.g.j.p.w.s.WebDriverSampler: unknown error: net::ERR_CONNECTION_TIMED_OUT
  (Session info: chrome=114.0.5735.134)
Build info: version: '3.14.0', revision: 'aacccce0', time: '2018-08-02T20:19:58.91Z'
System info: host: 'DESKTOP-J9MPAVI', ip: '192.168.1.9', os.name: 'Windows 11', os.arch: 'amd64', os.version: '10.0', java.version: '1.8.0_371'
Driver info: org.openqa.selenium.chrome.ChromeDriver
Capabilities {acceptInsecureCerts: false, browserName: chrome, browserVersion: 114.0.5735.134, chrome: {chromedriverVersion: 113.0.5672.63 (0e1a4471d5ae..., userDataDir: C:\Users\RACIT~1\AppData\Lo...}, goog:chromeOptions: {debuggerAddress: localhost:55534}, javascriptEnabled: true, networkConnectionEnabled: false, pageLoadStrategy: normal, platform: WINDOWS, platformName: WINDOWS, proxy: Proxy(system), setWindowRect: true, strictFileInteractability: false, timeouts: {implicit: 0, pageLoad: 300000, script: 30000}, unhandledPromptBehavior: dismiss and notify, webauthn:extension:credBlob: true, webauthn:extension:largeBlob: true, webauthn:extension:minPinLength: true, webauthn:extension:prf: true, webauthn:virtualAuthenticators: true}
Session ID: 21ab92dbe34dfdfd4bd4d09b0951eb09
2023-06-20 17:58:29,578 ERROR c.g.j.p.w.s.WebDriverSampler: no such element: Unable to locate element: {"method":"css selector","selector":"#username"}
  (Session info: chrome=114.0.5735.134)
For documentation on this error, please visit: http://seleniumhq.org/exceptions/no_such_element.html
Build info: version: '3.14.0', revision: 'aacccce0', time: '2018-08-02T20:19:58.91Z'
System info: host: 'DESKTOP-J9MPAVI', ip: '192.168.1.9', os.name: 'Windows 11', os.arch: 'amd64', os.version: '10.0', java.version: '1.8.0_371'
Driver info: org.openqa.selenium.chrome.ChromeDriver
Capabilities {acceptInsecureCerts: false, browserName: chrome, browserVersion: 114.0.5735.134, chrome: {chromedriverVersion: 113.0.5672.63 (0e1a4471d5ae..., userDataDir: C:\Users\RACIT~1\AppData\Lo...}, goog:chromeOptions: {debuggerAddress: localhost:55534}, javascriptEnabled: true, networkConnectionEnabled: false, pageLoadStrategy: normal, platform: WINDOWS, platformName: WINDOWS, proxy: Proxy(system), setWindowRect: true, strictFileInteractability: false, timeouts: {implicit: 0, pageLoad: 300000, script: 30000}, unhandledPromptBehavior: dismiss and notify, webauthn:extension:credBlob: true, webauthn:extension:largeBlob: true, webauthn:extension:minPinLength: true, webauthn:extension:prf: true, webauthn:virtualAuthenticators: true}
Session ID: 21ab92dbe34dfdfd4bd4d09b0951eb09
*** Element info: {Using=id, value=username}
2023-06-20 17:58:29,996 ERROR c.g.j.p.w.s.WebDriverSampler: no such element: Unable to locate element: {"method":"xpath","selector":"(//button[@class='action-btn minimal msl'])[2]"}
  (Session info: chrome=114.0.5735.134)
For documentation on this error, please visit: http://seleniumhq.org/exceptions/no_such_element.html
Build info: version: '3.14.0', revision: 'aacccce0', time: '2018-08-02T20:19:58.91Z'
System info: host: 'DESKTOP-J9MPAVI', ip: '192.168.1.9', os.name: 'Windows 11', os.arch: 'amd64', os.version: '10.0', java.version: '1.8.0_371'
Driver info: org.openqa.selenium.chrome.ChromeDriver
Capabilities {acceptInsecureCerts: false, browserName: chrome, browserVersion: 114.0.5735.134, chrome: {chromedriverVersion: 113.0.5672.63 (0e1a4471d5ae..., userDataDir: C:\Users\RACIT~1\AppData\Lo...}, goog:chromeOptions: {debuggerAddress: localhost:55534}, javascriptEnabled: true, networkConnectionEnabled: false, pageLoadStrategy: normal, platform: WINDOWS, platformName: WINDOWS, proxy: Proxy(system), setWindowRect: true, strictFileInteractability: false, timeouts: {implicit: 0, pageLoad: 300000, script: 30000}, unhandledPromptBehavior: dismiss and notify, webauthn:extension:credBlob: true, webauthn:extension:largeBlob: true, webauthn:extension:minPinLength: true, webauthn:extension:prf: true, webauthn:virtualAuthenticators: true}
Session ID: 21ab92dbe34dfdfd4bd4d09b0951eb09
*** Element info: {Using=xpath, value=(//button[@class='action-btn minimal msl'])[2]}
2023-06-20 17:58:30,403 ERROR c.g.j.p.w.s.WebDriverSampler: no such element: Unable to locate element: {"method":"xpath","selector":"//div[@class='pna horizontal middle']"}
  (Session info: chrome=114.0.5735.134)
For documentation on this error, please visit: http://seleniumhq.org/exceptions/no_such_element.html
Build info: version: '3.14.0', revision: 'aacccce0', time: '2018-08-02T20:19:58.91Z'
System info: host: 'DESKTOP-J9MPAVI', ip: '192.168.1.9', os.name: 'Windows 11', os.arch: 'amd64', os.version: '10.0', java.version: '1.8.0_371'
Driver info: org.openqa.selenium.chrome.ChromeDriver
Capabilities {acceptInsecureCerts: false, browserName: chrome, browserVersion: 114.0.5735.134, chrome: {chromedriverVersion: 113.0.5672.63 (0e1a4471d5ae..., userDataDir: C:\Users\RACIT~1\AppData\Lo...}, goog:chromeOptions: {debuggerAddress: localhost:55534}, javascriptEnabled: true, networkConnectionEnabled: false, pageLoadStrategy: normal, platform: WINDOWS, platformName: WINDOWS, proxy: Proxy(system), setWindowRect: true, strictFileInteractability: false, timeouts: {implicit: 0, pageLoad: 300000, script: 30000}, unhandledPromptBehavior: dismiss and notify, webauthn:extension:credBlob: true, webauthn:extension:largeBlob: true, webauthn:extension:minPinLength: true, webauthn:extension:prf: true, webauthn:virtualAuthenticators: true}
Session ID: 21ab92dbe34dfdfd4bd4d09b0951eb09
*** Element info: {Using=xpath, value=//div[@class='pna horizontal middle']}
2023-06-20 17:58:35,929 INFO o.a.j.t.JMeterThread: Thread is done: Thread Group 1-1
2023-06-20 17:58:35,929 INFO o.a.j.t.JMeterThread: Thread finished: Thread Group 1-1
2023-06-20 17:58:36,521 INFO o.a.j.e.StandardJMeterEngine: Notifying test listeners of end of test
2023-06-20 17:58:36,521 INFO o.a.j.s.FileServer: Close: C:\Users\RAC IT\Desktop\BMS Performance\CSV\BMS Users.csv
2023-06-20 17:58:36,522 INFO o.a.j.g.u.JMeterMenuBar: setRunning(false, *local*)
2023-06-20 18:00:50,323 INFO o.a.j.e.StandardJMeterEngine: Running the test!
2023-06-20 18:00:50,323 INFO o.a.j.s.SampleEvent: List of sample_variables: []
2023-06-20 18:00:50,325 INFO o.a.j.g.u.JMeterMenuBar: setRunning(true, *local*)
2023-06-20 18:00:50,461 INFO o.a.j.e.StandardJMeterEngine: Starting ThreadGroup: 1 : Thread Group
2023-06-20 18:00:50,461 INFO o.a.j.e.StandardJMeterEngine: Starting 1 threads for group Thread Group.
2023-06-20 18:00:50,461 INFO o.a.j.e.StandardJMeterEngine: Thread will continue on error
2023-06-20 18:00:50,461 INFO o.a.j.t.ThreadGroup: Starting thread group... number=1 threads=1 ramp-up=150 delayedStart=false
2023-06-20 18:00:50,464 INFO o.a.j.t.ThreadGroup: Started thread group number 1
2023-06-20 18:00:50,464 INFO o.a.j.e.StandardJMeterEngine: All thread groups have been started
2023-06-20 18:00:50,464 INFO o.a.j.t.JMeterThread: Thread started: Thread Group 1-1
2023-06-20 18:00:50,464 ERROR o.a.j.t.JMeterThread: Error calling threadStarted
java.lang.IllegalStateException: The driver executable does not exist: C:\Users\RAC IT\Desktop\BMS Performance\${BasePath}\Chromedriver\chromedriver.exe
	at com.google.common.base.Preconditions.checkState(Preconditions.java:585) ~[guava-25.0-jre.jar:?]
	at org.openqa.selenium.remote.service.DriverService.checkExecutable(DriverService.java:137) ~[selenium-remote-driver-3.14.0.jar:?]
	at org.openqa.selenium.remote.service.DriverService$Builder.usingDriverExecutable(DriverService.java:272) ~[selenium-remote-driver-3.14.0.jar:?]
	at com.googlecode.jmeter.plugins.webdriver.config.ChromeDriverConfig.getThreadService(ChromeDriverConfig.java:101) ~[jmeter-plugins-webdriver-3.3.jar:?]
	at com.googlecode.jmeter.plugins.webdriver.config.ChromeDriverConfig.createBrowser(ChromeDriverConfig.java:82) ~[jmeter-plugins-webdriver-3.3.jar:?]
	at com.googlecode.jmeter.plugins.webdriver.config.ChromeDriverConfig.createBrowser(ChromeDriverConfig.java:21) ~[jmeter-plugins-webdriver-3.3.jar:?]
	at com.googlecode.jmeter.plugins.webdriver.config.WebDriverConfig.getPreparedBrowser(WebDriverConfig.java:234) ~[jmeter-plugins-webdriver-3.3.jar:?]
	at com.googlecode.jmeter.plugins.webdriver.config.WebDriverConfig.threadStarted(WebDriverConfig.java:221) ~[jmeter-plugins-webdriver-3.3.jar:?]
	at org.apache.jmeter.threads.JMeterThread$ThreadListenerTraverser.addNode(JMeterThread.java:797) ~[ApacheJMeter_core.jar:5.5]
	at org.apache.jorphan.collections.HashTree.traverseInto(HashTree.java:993) ~[jorphan.jar:5.5]
	at org.apache.jorphan.collections.HashTree.traverse(HashTree.java:976) ~[jorphan.jar:5.5]
	at org.apache.jmeter.threads.JMeterThread.threadStarted(JMeterThread.java:765) ~[ApacheJMeter_core.jar:5.5]
	at org.apache.jmeter.threads.JMeterThread.initRun(JMeterThread.java:753) ~[ApacheJMeter_core.jar:5.5]
	at org.apache.jmeter.threads.JMeterThread.run(JMeterThread.java:264) ~[ApacheJMeter_core.jar:5.5]
	at java.lang.Thread.run(Unknown Source) ~[?:1.8.0_371]
2023-06-20 18:00:50,477 INFO o.a.j.s.FileServer: Stored: C:\Users\RAC IT\Desktop\BMS Performance\CSV\BMS Users.csv
2023-06-20 18:00:50,855 ERROR o.a.j.t.JMeterThread: Error while processing sampler: 'BMS Launch'.
java.lang.IllegalArgumentException: Browser has not been configured.  Please ensure at least 1 WebDriverConfig is created for a ThreadGroup.
	at com.googlecode.jmeter.plugins.webdriver.sampler.WebDriverSampler.sample(WebDriverSampler.java:62) ~[jmeter-plugins-webdriver-3.3.jar:?]
	at org.apache.jmeter.threads.JMeterThread.doSampling(JMeterThread.java:651) ~[ApacheJMeter_core.jar:5.5]
	at org.apache.jmeter.threads.JMeterThread.executeSamplePackage(JMeterThread.java:570) ~[ApacheJMeter_core.jar:5.5]
	at org.apache.jmeter.threads.JMeterThread.processSampler(JMeterThread.java:501) ~[ApacheJMeter_core.jar:5.5]
	at org.apache.jmeter.threads.JMeterThread.run(JMeterThread.java:268) ~[ApacheJMeter_core.jar:5.5]
	at java.lang.Thread.run(Unknown Source) ~[?:1.8.0_371]
2023-06-20 18:00:51,230 ERROR o.a.j.t.JMeterThread: Error while processing sampler: 'Login'.
java.lang.IllegalArgumentException: Browser has not been configured.  Please ensure at least 1 WebDriverConfig is created for a ThreadGroup.
	at com.googlecode.jmeter.plugins.webdriver.sampler.WebDriverSampler.sample(WebDriverSampler.java:62) ~[jmeter-plugins-webdriver-3.3.jar:?]
	at org.apache.jmeter.threads.JMeterThread.doSampling(JMeterThread.java:651) ~[ApacheJMeter_core.jar:5.5]
	at org.apache.jmeter.threads.JMeterThread.executeSamplePackage(JMeterThread.java:570) ~[ApacheJMeter_core.jar:5.5]
	at org.apache.jmeter.threads.JMeterThread.processSampler(JMeterThread.java:501) ~[ApacheJMeter_core.jar:5.5]
	at org.apache.jmeter.threads.JMeterThread.run(JMeterThread.java:268) ~[ApacheJMeter_core.jar:5.5]
	at java.lang.Thread.run(Unknown Source) ~[?:1.8.0_371]
2023-06-20 18:00:51,614 ERROR o.a.j.t.JMeterThread: Error while processing sampler: 'Open Project'.
java.lang.IllegalArgumentException: Browser has not been configured.  Please ensure at least 1 WebDriverConfig is created for a ThreadGroup.
	at com.googlecode.jmeter.plugins.webdriver.sampler.WebDriverSampler.sample(WebDriverSampler.java:62) ~[jmeter-plugins-webdriver-3.3.jar:?]
	at org.apache.jmeter.threads.JMeterThread.doSampling(JMeterThread.java:651) ~[ApacheJMeter_core.jar:5.5]
	at org.apache.jmeter.threads.JMeterThread.executeSamplePackage(JMeterThread.java:570) ~[ApacheJMeter_core.jar:5.5]
	at org.apache.jmeter.threads.JMeterThread.processSampler(JMeterThread.java:501) ~[ApacheJMeter_core.jar:5.5]
	at org.apache.jmeter.threads.JMeterThread.run(JMeterThread.java:268) ~[ApacheJMeter_core.jar:5.5]
	at java.lang.Thread.run(Unknown Source) ~[?:1.8.0_371]
2023-06-20 18:00:51,995 ERROR o.a.j.t.JMeterThread: Error while processing sampler: 'Device Graphs'.
java.lang.IllegalArgumentException: Browser has not been configured.  Please ensure at least 1 WebDriverConfig is created for a ThreadGroup.
	at com.googlecode.jmeter.plugins.webdriver.sampler.WebDriverSampler.sample(WebDriverSampler.java:62) ~[jmeter-plugins-webdriver-3.3.jar:?]
	at org.apache.jmeter.threads.JMeterThread.doSampling(JMeterThread.java:651) ~[ApacheJMeter_core.jar:5.5]
	at org.apache.jmeter.threads.JMeterThread.executeSamplePackage(JMeterThread.java:570) ~[ApacheJMeter_core.jar:5.5]
	at org.apache.jmeter.threads.JMeterThread.processSampler(JMeterThread.java:501) ~[ApacheJMeter_core.jar:5.5]
	at org.apache.jmeter.threads.JMeterThread.run(JMeterThread.java:268) ~[ApacheJMeter_core.jar:5.5]
	at java.lang.Thread.run(Unknown Source) ~[?:1.8.0_371]
2023-06-20 18:00:52,367 ERROR o.a.j.t.JMeterThread: Error while processing sampler: 'Send Command'.
java.lang.IllegalArgumentException: Browser has not been configured.  Please ensure at least 1 WebDriverConfig is created for a ThreadGroup.
	at com.googlecode.jmeter.plugins.webdriver.sampler.WebDriverSampler.sample(WebDriverSampler.java:62) ~[jmeter-plugins-webdriver-3.3.jar:?]
	at org.apache.jmeter.threads.JMeterThread.doSampling(JMeterThread.java:651) ~[ApacheJMeter_core.jar:5.5]
	at org.apache.jmeter.threads.JMeterThread.executeSamplePackage(JMeterThread.java:570) ~[ApacheJMeter_core.jar:5.5]
	at org.apache.jmeter.threads.JMeterThread.processSampler(JMeterThread.java:501) ~[ApacheJMeter_core.jar:5.5]
	at org.apache.jmeter.threads.JMeterThread.run(JMeterThread.java:268) ~[ApacheJMeter_core.jar:5.5]
	at java.lang.Thread.run(Unknown Source) ~[?:1.8.0_371]
2023-06-20 18:00:52,367 INFO o.a.j.t.JMeterThread: Thread is done: Thread Group 1-1
2023-06-20 18:00:52,367 INFO o.a.j.t.JMeterThread: Thread finished: Thread Group 1-1
2023-06-20 18:00:52,367 INFO o.a.j.e.StandardJMeterEngine: Notifying test listeners of end of test
2023-06-20 18:00:52,367 INFO o.a.j.s.FileServer: Close: C:\Users\RAC IT\Desktop\BMS Performance\CSV\BMS Users.csv
2023-06-20 18:00:52,367 INFO o.a.j.g.u.JMeterMenuBar: setRunning(false, *local*)
2023-06-20 18:01:14,892 INFO o.a.j.e.StandardJMeterEngine: Running the test!
2023-06-20 18:01:14,892 INFO o.a.j.s.SampleEvent: List of sample_variables: []
2023-06-20 18:01:14,892 INFO o.a.j.g.u.JMeterMenuBar: setRunning(true, *local*)
2023-06-20 18:01:15,014 INFO o.a.j.e.StandardJMeterEngine: Starting ThreadGroup: 1 : Thread Group
2023-06-20 18:01:15,014 INFO o.a.j.e.StandardJMeterEngine: Starting 1 threads for group Thread Group.
2023-06-20 18:01:15,014 INFO o.a.j.e.StandardJMeterEngine: Thread will continue on error
2023-06-20 18:01:15,014 INFO o.a.j.t.ThreadGroup: Starting thread group... number=1 threads=1 ramp-up=150 delayedStart=false
2023-06-20 18:01:15,018 INFO o.a.j.t.ThreadGroup: Started thread group number 1
2023-06-20 18:01:15,018 INFO o.a.j.e.StandardJMeterEngine: All thread groups have been started
2023-06-20 18:01:15,018 INFO o.a.j.t.JMeterThread: Thread started: Thread Group 1-1
2023-06-20 18:01:16,258 INFO o.a.j.s.FileServer: Stored: C:\Users\RAC IT\Desktop\BMS Performance\CSV\BMS Users.csv
2023-06-20 18:01:53,149 ERROR c.g.j.p.w.s.WebDriverSampler: java.net.ConnectException: Failed to connect to localhost/0:0:0:0:0:0:0:1:22983
Build info: version: '3.14.0', revision: 'aacccce0', time: '2018-08-02T20:19:58.91Z'
System info: host: 'DESKTOP-J9MPAVI', ip: '192.168.1.9', os.name: 'Windows 11', os.arch: 'amd64', os.version: '10.0', java.version: '1.8.0_371'
Driver info: driver.version: RemoteWebDriver
2023-06-20 18:01:57,659 ERROR c.g.j.p.w.s.WebDriverSampler: java.net.ConnectException: Failed to connect to localhost/0:0:0:0:0:0:0:1:22983
Build info: version: '3.14.0', revision: 'aacccce0', time: '2018-08-02T20:19:58.91Z'
System info: host: 'DESKTOP-J9MPAVI', ip: '192.168.1.9', os.name: 'Windows 11', os.arch: 'amd64', os.version: '10.0', java.version: '1.8.0_371'
Driver info: driver.version: RemoteWebDriver
2023-06-20 18:02:02,154 ERROR c.g.j.p.w.s.WebDriverSampler: java.net.ConnectException: Failed to connect to localhost/0:0:0:0:0:0:0:1:22983
Build info: version: '3.14.0', revision: 'aacccce0', time: '2018-08-02T20:19:58.91Z'
System info: host: 'DESKTOP-J9MPAVI', ip: '192.168.1.9', os.name: 'Windows 11', os.arch: 'amd64', os.version: '10.0', java.version: '1.8.0_371'
Driver info: driver.version: RemoteWebDriver
2023-06-20 18:02:06,649 ERROR c.g.j.p.w.s.WebDriverSampler: java.net.ConnectException: Failed to connect to localhost/0:0:0:0:0:0:0:1:22983
Build info: version: '3.14.0', revision: 'aacccce0', time: '2018-08-02T20:19:58.91Z'
System info: host: 'DESKTOP-J9MPAVI', ip: '192.168.1.9', os.name: 'Windows 11', os.arch: 'amd64', os.version: '10.0', java.version: '1.8.0_371'
Driver info: driver.version: RemoteWebDriver
2023-06-20 18:02:20,228 ERROR c.g.j.p.w.s.WebDriverSampler: java.net.ConnectException: Failed to connect to localhost/0:0:0:0:0:0:0:1:22983
Build info: version: '3.14.0', revision: 'aacccce0', time: '2018-08-02T20:19:58.91Z'
System info: host: 'DESKTOP-J9MPAVI', ip: '192.168.1.9', os.name: 'Windows 11', os.arch: 'amd64', os.version: '10.0', java.version: '1.8.0_371'
Driver info: driver.version: RemoteWebDriver
2023-06-20 18:02:20,228 INFO o.a.j.t.JMeterThread: Thread is done: Thread Group 1-1
2023-06-20 18:02:20,228 INFO o.a.j.t.JMeterThread: Thread finished: Thread Group 1-1
2023-06-20 18:02:21,634 INFO o.a.j.g.a.Start: Stopping test
2023-06-20 18:02:21,652 INFO o.a.j.t.JMeterThread: Stopping: Thread Group 1-1
2023-06-20 18:02:24,852 ERROR o.a.j.t.JMeterThread: Error calling threadFinished
org.openqa.selenium.WebDriverException: java.net.ConnectException: Failed to connect to localhost/0:0:0:0:0:0:0:1:22983
Build info: version: '3.14.0', revision: 'aacccce0', time: '2018-08-02T20:19:58.91Z'
System info: host: 'DESKTOP-J9MPAVI', ip: '192.168.1.9', os.name: 'Windows 11', os.arch: 'amd64', os.version: '10.0', java.version: '1.8.0_371'
Driver info: driver.version: RemoteWebDriver
	at org.openqa.selenium.remote.service.DriverCommandExecutor.execute(DriverCommandExecutor.java:92) ~[selenium-remote-driver-3.14.0.jar:?]
	at org.openqa.selenium.remote.RemoteWebDriver.execute(RemoteWebDriver.java:548) ~[selenium-remote-driver-3.14.0.jar:?]
	at org.openqa.selenium.remote.RemoteWebDriver.execute(RemoteWebDriver.java:605) ~[selenium-remote-driver-3.14.0.jar:?]
	at org.openqa.selenium.remote.RemoteWebDriver.quit(RemoteWebDriver.java:448) ~[selenium-remote-driver-3.14.0.jar:?]
	at com.googlecode.jmeter.plugins.webdriver.config.WebDriverConfig.quitBrowser(WebDriverConfig.java:270) ~[jmeter-plugins-webdriver-3.3.jar:?]
	at com.googlecode.jmeter.plugins.webdriver.config.ChromeDriverConfig.quitBrowser(ChromeDriverConfig.java:88) ~[jmeter-plugins-webdriver-3.3.jar:?]
	at com.googlecode.jmeter.plugins.webdriver.config.ChromeDriverConfig.quitBrowser(ChromeDriverConfig.java:21) ~[jmeter-plugins-webdriver-3.3.jar:?]
	at com.googlecode.jmeter.plugins.webdriver.config.WebDriverConfig.threadFinished(WebDriverConfig.java:245) ~[jmeter-plugins-webdriver-3.3.jar:?]
	at org.apache.jmeter.threads.JMeterThread$ThreadListenerTraverser.addNode(JMeterThread.java:803) ~[ApacheJMeter_core.jar:5.5]
	at org.apache.jorphan.collections.HashTree.traverseInto(HashTree.java:993) ~[jorphan.jar:5.5]
	at org.apache.jorphan.collections.HashTree.traverse(HashTree.java:976) ~[jorphan.jar:5.5]
	at org.apache.jmeter.threads.JMeterThread.threadFinished(JMeterThread.java:770) ~[ApacheJMeter_core.jar:5.5]
	at org.apache.jmeter.threads.JMeterThread.run(JMeterThread.java:340) ~[ApacheJMeter_core.jar:5.5]
	at java.lang.Thread.run(Unknown Source) ~[?:1.8.0_371]
Caused by: java.net.ConnectException: Failed to connect to localhost/0:0:0:0:0:0:0:1:22983
	at okhttp3.internal.connection.RealConnection.connectSocket(RealConnection.java:242) ~[okhttp-3.10.0.jar:?]
	at okhttp3.internal.connection.RealConnection.connect(RealConnection.java:160) ~[okhttp-3.10.0.jar:?]
	at okhttp3.internal.connection.StreamAllocation.findConnection(StreamAllocation.java:257) ~[okhttp-3.10.0.jar:?]
	at okhttp3.internal.connection.StreamAllocation.findHealthyConnection(StreamAllocation.java:135) ~[okhttp-3.10.0.jar:?]
	at okhttp3.internal.connection.StreamAllocation.newStream(StreamAllocation.java:114) ~[okhttp-3.10.0.jar:?]
	at okhttp3.internal.connection.ConnectInterceptor.intercept(ConnectInterceptor.java:42) ~[okhttp-3.10.0.jar:?]
	at okhttp3.internal.http.RealInterceptorChain.proceed(RealInterceptorChain.java:147) ~[okhttp-3.10.0.jar:?]
	at okhttp3.internal.http.RealInterceptorChain.proceed(RealInterceptorChain.java:121) ~[okhttp-3.10.0.jar:?]
	at okhttp3.internal.cache.CacheInterceptor.intercept(CacheInterceptor.java:93) ~[okhttp-3.10.0.jar:?]
	at okhttp3.internal.http.RealInterceptorChain.proceed(RealInterceptorChain.java:147) ~[okhttp-3.10.0.jar:?]
	at okhttp3.internal.http.RealInterceptorChain.proceed(RealInterceptorChain.java:121) ~[okhttp-3.10.0.jar:?]
	at okhttp3.internal.http.BridgeInterceptor.intercept(BridgeInterceptor.java:93) ~[okhttp-3.10.0.jar:?]
	at okhttp3.internal.http.RealInterceptorChain.proceed(RealInterceptorChain.java:147) ~[okhttp-3.10.0.jar:?]
	at okhttp3.internal.http.RetryAndFollowUpInterceptor.intercept(RetryAndFollowUpInterceptor.java:126) ~[okhttp-3.10.0.jar:?]
	at okhttp3.internal.http.RealInterceptorChain.proceed(RealInterceptorChain.java:147) ~[okhttp-3.10.0.jar:?]
	at okhttp3.internal.http.RealInterceptorChain.proceed(RealInterceptorChain.java:121) ~[okhttp-3.10.0.jar:?]
	at okhttp3.RealCall.getResponseWithInterceptorChain(RealCall.java:200) ~[okhttp-3.10.0.jar:?]
	at okhttp3.RealCall.execute(RealCall.java:77) ~[okhttp-3.10.0.jar:?]
	at org.openqa.selenium.remote.internal.OkHttpClient.execute(OkHttpClient.java:105) ~[selenium-remote-driver-3.14.0.jar:?]
	at org.openqa.selenium.remote.HttpCommandExecutor.execute(HttpCommandExecutor.java:155) ~[selenium-remote-driver-3.14.0.jar:?]
	at org.openqa.selenium.remote.service.DriverCommandExecutor.execute(DriverCommandExecutor.java:83) ~[selenium-remote-driver-3.14.0.jar:?]
	... 13 more
Caused by: java.net.ConnectException: Connection refused: connect
	at java.net.DualStackPlainSocketImpl.waitForConnect(Native Method) ~[?:1.8.0_371]
	at java.net.DualStackPlainSocketImpl.socketConnect(Unknown Source) ~[?:1.8.0_371]
	at java.net.AbstractPlainSocketImpl.doConnect(Unknown Source) ~[?:1.8.0_371]
	at java.net.AbstractPlainSocketImpl.connectToAddress(Unknown Source) ~[?:1.8.0_371]
	at java.net.AbstractPlainSocketImpl.connect(Unknown Source) ~[?:1.8.0_371]
	at java.net.PlainSocketImpl.connect(Unknown Source) ~[?:1.8.0_371]
	at java.net.SocksSocketImpl.connect(Unknown Source) ~[?:1.8.0_371]
	at java.net.Socket.connect(Unknown Source) ~[?:1.8.0_371]
	at okhttp3.internal.platform.Platform.connectSocket(Platform.java:129) ~[okhttp-3.10.0.jar:?]
	at okhttp3.internal.connection.RealConnection.connectSocket(RealConnection.java:240) ~[okhttp-3.10.0.jar:?]
	at okhttp3.internal.connection.RealConnection.connect(RealConnection.java:160) ~[okhttp-3.10.0.jar:?]
	at okhttp3.internal.connection.StreamAllocation.findConnection(StreamAllocation.java:257) ~[okhttp-3.10.0.jar:?]
	at okhttp3.internal.connection.StreamAllocation.findHealthyConnection(StreamAllocation.java:135) ~[okhttp-3.10.0.jar:?]
	at okhttp3.internal.connection.StreamAllocation.newStream(StreamAllocation.java:114) ~[okhttp-3.10.0.jar:?]
	at okhttp3.internal.connection.ConnectInterceptor.intercept(ConnectInterceptor.java:42) ~[okhttp-3.10.0.jar:?]
	at okhttp3.internal.http.RealInterceptorChain.proceed(RealInterceptorChain.java:147) ~[okhttp-3.10.0.jar:?]
	at okhttp3.internal.http.RealInterceptorChain.proceed(RealInterceptorChain.java:121) ~[okhttp-3.10.0.jar:?]
	at okhttp3.internal.cache.CacheInterceptor.intercept(CacheInterceptor.java:93) ~[okhttp-3.10.0.jar:?]
	at okhttp3.internal.http.RealInterceptorChain.proceed(RealInterceptorChain.java:147) ~[okhttp-3.10.0.jar:?]
	at okhttp3.internal.http.RealInterceptorChain.proceed(RealInterceptorChain.java:121) ~[okhttp-3.10.0.jar:?]
	at okhttp3.internal.http.BridgeInterceptor.intercept(BridgeInterceptor.java:93) ~[okhttp-3.10.0.jar:?]
	at okhttp3.internal.http.RealInterceptorChain.proceed(RealInterceptorChain.java:147) ~[okhttp-3.10.0.jar:?]
	at okhttp3.internal.http.RetryAndFollowUpInterceptor.intercept(RetryAndFollowUpInterceptor.java:126) ~[okhttp-3.10.0.jar:?]
	at okhttp3.internal.http.RealInterceptorChain.proceed(RealInterceptorChain.java:147) ~[okhttp-3.10.0.jar:?]
	at okhttp3.internal.http.RealInterceptorChain.proceed(RealInterceptorChain.java:121) ~[okhttp-3.10.0.jar:?]
	at okhttp3.RealCall.getResponseWithInterceptorChain(RealCall.java:200) ~[okhttp-3.10.0.jar:?]
	at okhttp3.RealCall.execute(RealCall.java:77) ~[okhttp-3.10.0.jar:?]
	at org.openqa.selenium.remote.internal.OkHttpClient.execute(OkHttpClient.java:105) ~[selenium-remote-driver-3.14.0.jar:?]
	at org.openqa.selenium.remote.HttpCommandExecutor.execute(HttpCommandExecutor.java:155) ~[selenium-remote-driver-3.14.0.jar:?]
	at org.openqa.selenium.remote.service.DriverCommandExecutor.execute(DriverCommandExecutor.java:83) ~[selenium-remote-driver-3.14.0.jar:?]
	... 13 more
2023-06-20 18:02:24,852 INFO o.a.j.e.StandardJMeterEngine: Notifying test listeners of end of test
2023-06-20 18:02:24,852 INFO o.a.j.s.FileServer: Close: C:\Users\RAC IT\Desktop\BMS Performance\CSV\BMS Users.csv
2023-06-20 18:02:24,852 INFO o.a.j.g.u.JMeterMenuBar: setRunning(false, *local*)
2023-06-20 18:02:29,835 INFO o.a.j.e.StandardJMeterEngine: Running the test!
2023-06-20 18:02:29,835 INFO o.a.j.s.SampleEvent: List of sample_variables: []
2023-06-20 18:02:29,850 INFO o.a.j.g.u.JMeterMenuBar: setRunning(true, *local*)
2023-06-20 18:02:29,980 INFO o.a.j.e.StandardJMeterEngine: Starting ThreadGroup: 1 : Thread Group
2023-06-20 18:02:29,980 INFO o.a.j.e.StandardJMeterEngine: Starting 1 threads for group Thread Group.
2023-06-20 18:02:29,980 INFO o.a.j.e.StandardJMeterEngine: Thread will continue on error
2023-06-20 18:02:29,980 INFO o.a.j.t.ThreadGroup: Starting thread group... number=1 threads=1 ramp-up=150 delayedStart=false
2023-06-20 18:02:29,994 INFO o.a.j.t.ThreadGroup: Started thread group number 1
2023-06-20 18:02:29,994 INFO o.a.j.e.StandardJMeterEngine: All thread groups have been started
2023-06-20 18:02:29,994 INFO o.a.j.t.JMeterThread: Thread started: Thread Group 1-1
2023-06-20 18:02:31,279 INFO o.a.j.s.FileServer: Stored: C:\Users\RAC IT\Desktop\BMS Performance\CSV\BMS Users.csv
2023-06-20 18:02:37,688 INFO o.a.j.g.a.Start: Stopping test
2023-06-20 18:02:37,717 INFO o.a.j.t.JMeterThread: Stopping: Thread Group 1-1
2023-06-20 18:02:37,717 WARN o.a.j.t.JMeterThread: Sampler is not Interruptible: BMS Launch
2023-06-20 18:02:40,111 ERROR c.g.j.p.w.s.WebDriverSampler: java.net.ConnectException: Failed to connect to localhost/0:0:0:0:0:0:0:1:22983
Build info: version: '3.14.0', revision: 'aacccce0', time: '2018-08-02T20:19:58.91Z'
System info: host: 'DESKTOP-J9MPAVI', ip: '192.168.1.9', os.name: 'Windows 11', os.arch: 'amd64', os.version: '10.0', java.version: '1.8.0_371'
Driver info: driver.version: RemoteWebDriver
2023-06-20 18:02:40,111 INFO o.a.j.t.JMeterThread: Thread finished: Thread Group 1-1
2023-06-20 18:02:42,747 WARN o.a.j.t.ThreadGroup: Thread won't exit: Forwarding quit on session 33257ede28bcce157783f37fd82d4af1 to remote
2023-06-20 18:02:42,747 ERROR o.a.j.u.JMeterUtils: One or more test threads won't exit; see log file.
2023-06-20 18:02:44,179 ERROR o.a.j.t.JMeterThread: Error calling threadFinished
org.openqa.selenium.remote.UnreachableBrowserException: Error communicating with the remote browser. It may have died.
Build info: version: '3.14.0', revision: 'aacccce0', time: '2018-08-02T20:19:58.91Z'
System info: host: 'DESKTOP-J9MPAVI', ip: '192.168.1.9', os.name: 'Windows 11', os.arch: 'amd64', os.version: '10.0', java.version: '1.8.0_371'
Driver info: driver.version: RemoteWebDriver
Capabilities {acceptInsecureCerts: false, browserName: chrome, browserVersion: 114.0.5735.134, chrome: {chromedriverVersion: 113.0.5672.63 (0e1a4471d5ae..., userDataDir: C:\Users\RACIT~1\AppData\Lo...}, goog:chromeOptions: {debuggerAddress: localhost:55594}, javascriptEnabled: true, networkConnectionEnabled: false, pageLoadStrategy: normal, platform: WINDOWS, platformName: WINDOWS, proxy: Proxy(system), setWindowRect: true, strictFileInteractability: false, timeouts: {implicit: 0, pageLoad: 300000, script: 30000}, unhandledPromptBehavior: dismiss and notify, webauthn:extension:credBlob: true, webauthn:extension:largeBlob: true, webauthn:extension:minPinLength: true, webauthn:extension:prf: true, webauthn:virtualAuthenticators: true}
Session ID: 33257ede28bcce157783f37fd82d4af1
	at org.openqa.selenium.remote.RemoteWebDriver.execute(RemoteWebDriver.java:569) ~[selenium-remote-driver-3.14.0.jar:?]
	at org.openqa.selenium.remote.RemoteWebDriver.execute(RemoteWebDriver.java:605) ~[selenium-remote-driver-3.14.0.jar:?]
	at org.openqa.selenium.remote.RemoteWebDriver.quit(RemoteWebDriver.java:448) ~[selenium-remote-driver-3.14.0.jar:?]
	at com.googlecode.jmeter.plugins.webdriver.config.WebDriverConfig.quitBrowser(WebDriverConfig.java:270) ~[jmeter-plugins-webdriver-3.3.jar:?]
	at com.googlecode.jmeter.plugins.webdriver.config.ChromeDriverConfig.quitBrowser(ChromeDriverConfig.java:88) ~[jmeter-plugins-webdriver-3.3.jar:?]
	at com.googlecode.jmeter.plugins.webdriver.config.ChromeDriverConfig.quitBrowser(ChromeDriverConfig.java:21) ~[jmeter-plugins-webdriver-3.3.jar:?]
	at com.googlecode.jmeter.plugins.webdriver.config.WebDriverConfig.threadFinished(WebDriverConfig.java:245) ~[jmeter-plugins-webdriver-3.3.jar:?]
	at org.apache.jmeter.threads.JMeterThread$ThreadListenerTraverser.addNode(JMeterThread.java:803) ~[ApacheJMeter_core.jar:5.5]
	at org.apache.jorphan.collections.HashTree.traverseInto(HashTree.java:993) ~[jorphan.jar:5.5]
	at org.apache.jorphan.collections.HashTree.traverse(HashTree.java:976) ~[jorphan.jar:5.5]
	at org.apache.jmeter.threads.JMeterThread.threadFinished(JMeterThread.java:770) ~[ApacheJMeter_core.jar:5.5]
	at org.apache.jmeter.threads.JMeterThread.run(JMeterThread.java:340) ~[ApacheJMeter_core.jar:5.5]
	at java.lang.Thread.run(Unknown Source) ~[?:1.8.0_371]
Caused by: java.lang.RuntimeException: java.lang.InterruptedException
	at org.openqa.selenium.net.UrlChecker.waitUntilUnavailable(UrlChecker.java:145) ~[selenium-remote-driver-3.14.0.jar:?]
	at org.openqa.selenium.remote.service.DriverService.stop(DriverService.java:215) ~[selenium-remote-driver-3.14.0.jar:?]
	at org.openqa.selenium.remote.service.DriverCommandExecutor.execute(DriverCommandExecutor.java:95) ~[selenium-remote-driver-3.14.0.jar:?]
	at org.openqa.selenium.remote.RemoteWebDriver.execute(RemoteWebDriver.java:548) ~[selenium-remote-driver-3.14.0.jar:?]
	... 12 more
Caused by: java.lang.InterruptedException
	at java.util.concurrent.FutureTask.awaitDone(Unknown Source) ~[?:1.8.0_371]
	at java.util.concurrent.FutureTask.get(Unknown Source) ~[?:1.8.0_371]
	at com.google.common.util.concurrent.SimpleTimeLimiter.callWithTimeout(SimpleTimeLimiter.java:156) ~[guava-25.0-jre.jar:?]
	at org.openqa.selenium.net.UrlChecker.waitUntilUnavailable(UrlChecker.java:115) ~[selenium-remote-driver-3.14.0.jar:?]
	at org.openqa.selenium.remote.service.DriverService.stop(DriverService.java:215) ~[selenium-remote-driver-3.14.0.jar:?]
	at org.openqa.selenium.remote.service.DriverCommandExecutor.execute(DriverCommandExecutor.java:95) ~[selenium-remote-driver-3.14.0.jar:?]
	at org.openqa.selenium.remote.RemoteWebDriver.execute(RemoteWebDriver.java:548) ~[selenium-remote-driver-3.14.0.jar:?]
	... 12 more
2023-06-20 18:02:44,179 INFO o.a.j.e.StandardJMeterEngine: Notifying test listeners of end of test
2023-06-20 18:02:44,179 INFO o.a.j.s.FileServer: Close: C:\Users\RAC IT\Desktop\BMS Performance\CSV\BMS Users.csv
2023-06-20 18:02:44,179 INFO o.a.j.g.u.JMeterMenuBar: setRunning(false, *local*)
